build/outputs/logs/manifest-merger-debug-report.txt
-- Merging decision tree log ---
manifest
ADDED from 哒哒音乐项目/哒哒音乐/AndroidManifest.xml:2:1-50:12
INJECTED from 哒哒音乐项目/哒哒音乐/AndroidManifest.xml:2:1-50:12
INJECTED from 哒哒音乐项目/哒哒音乐/AndroidManifest.xml:2:1-50:12
MERGED from [com.nex3z:flow-layout:0.1.3] AndroidManifest.xml:2:1-17:12
MERGED from [com.android.support:recyclerview-v7:25.1.0] AndroidManifest.xml:17:1-22:12
MERGED from [com.android.support:appcompat-v7:25.1.0] AndroidManifest.xml:17:1-27:12
MERGED from [com.android.support:support-v4:25.1.0] AndroidManifest.xml:17:1-27:12
MERGED from [com.android.support:support-fragment:25.1.0] AndroidManifest.xml:17:1-27:12
MERGED from [com.android.support:support-core-ui:25.1.0] AndroidManifest.xml:17:1-27:12
MERGED from [com.android.support:animated-vector-drawable:25.1.0] AndroidManifest.xml:17:1-24:12
MERGED from [com.android.support:support-vector-drawable:25.1.0] AndroidManifest.xml:17:1-25:12
MERGED from [com.android.support:support-media-compat:25.1.0] AndroidManifest.xml:17:1-27:12
MERGED from [com.android.support:support-core-utils:25.1.0] AndroidManifest.xml:17:1-27:12
MERGED from [com.android.support:support-compat:25.1.0] AndroidManifest.xml:17:1-27:12
INJECTED from 哒哒音乐项目/哒哒音乐/AndroidManifest.xml:2:1-50:12
INJECTED from 哒哒音乐项目/哒哒音乐/AndroidManifest.xml:2:1-50:12
	package
		ADDED from 哒哒音乐项目/哒哒音乐/AndroidManifest.xml:3:5-34
	android:versionName
		ADDED from 哒哒音乐项目/哒哒音乐/AndroidManifest.xml:5:5-30
		INJECTED from 哒哒音乐项目/哒哒音乐/AndroidManifest.xml
		INJECTED from 哒哒音乐项目/哒哒音乐/AndroidManifest.xml
	xmlns:android
		ADDED from 哒哒音乐项目/哒哒音乐/AndroidManifest.xml:2:11-69
	android:versionCode
		ADDED from 哒哒音乐项目/哒哒音乐/AndroidManifest.xml:4:5-28
		INJECTED from 哒哒音乐项目/哒哒音乐/AndroidManifest.xml
		INJECTED from 哒哒音乐项目/哒哒音乐/AndroidManifest.xml
uses-sdk
ADDED from 哒哒音乐项目/哒哒音乐/AndroidManifest.xml:7:5-9:41
MERGED from [com.nex3z:flow-layout:0.1.3] AndroidManifest.xml:7:5-9:41
MERGED from [com.nex3z:flow-layout:0.1.3] AndroidManifest.xml:7:5-9:41
MERGED from [com.android.support:recyclerview-v7:25.1.0] AndroidManifest.xml:20:5-43
MERGED from [com.android.support:recyclerview-v7:25.1.0] AndroidManifest.xml:20:5-43
MERGED from [com.android.support:appcompat-v7:25.1.0] AndroidManifest.xml:21:5-23:78
MERGED from [com.android.support:appcompat-v7:25.1.0] AndroidManifest.xml:21:5-23:78
MERGED from [com.android.support:support-v4:25.1.0] AndroidManifest.xml:21:5-23:54
MERGED from [com.android.support:support-v4:25.1.0] AndroidManifest.xml:21:5-23:54
MERGED from [com.android.support:support-fragment:25.1.0] AndroidManifest.xml:21:5-23:60
MERGED from [com.android.support:support-fragment:25.1.0] AndroidManifest.xml:21:5-23:60
MERGED from [com.android.support:support-core-ui:25.1.0] AndroidManifest.xml:21:5-23:58
MERGED from [com.android.support:support-core-ui:25.1.0] AndroidManifest.xml:21:5-23:58
MERGED from [com.android.support:animated-vector-drawable:25.1.0] AndroidManifest.xml:20:5-44
MERGED from [com.android.support:animated-vector-drawable:25.1.0] AndroidManifest.xml:20:5-44
MERGED from [com.android.support:support-vector-drawable:25.1.0] AndroidManifest.xml:21:5-43
MERGED from [com.android.support:support-vector-drawable:25.1.0] AndroidManifest.xml:21:5-43
MERGED from [com.android.support:support-media-compat:25.1.0] AndroidManifest.xml:21:5-23:63
MERGED from [com.android.support:support-media-compat:25.1.0] AndroidManifest.xml:21:5-23:63
MERGED from [com.android.support:support-core-utils:25.1.0] AndroidManifest.xml:21:5-23:61
MERGED from [com.android.support:support-core-utils:25.1.0] AndroidManifest.xml:21:5-23:61
MERGED from [com.android.support:support-compat:25.1.0] AndroidManifest.xml:21:5-23:58
MERGED from [com.android.support:support-compat:25.1.0] AndroidManifest.xml:21:5-23:58
	tools:overrideLibrary
		ADDED from [com.android.support:appcompat-v7:25.1.0] AndroidManifest.xml:23:9-75
	android:targetSdkVersion
		ADDED from 哒哒音乐项目/哒哒音乐/AndroidManifest.xml:9:9-38
	android:minSdkVersion
		ADDED from 哒哒音乐项目/哒哒音乐/AndroidManifest.xml:8:9-35
uses-permission#android.permission.INTERNET
ADDED from 哒哒音乐项目/哒哒音乐/AndroidManifest.xml:11:5-67
	android:name
		ADDED from 哒哒音乐项目/哒哒音乐/AndroidManifest.xml:11:22-64
uses-permission#android.permission.WRITE_EXTERNAL_STORAGE
ADDED from 哒哒音乐项目/哒哒音乐/AndroidManifest.xml:12:5-81
	android:name
		ADDED from 哒哒音乐项目/哒哒音乐/AndroidManifest.xml:12:22-78
uses-permission#android.permission.READ_EXTERNAL_STORAGE
ADDED from 哒哒音乐项目/哒哒音乐/AndroidManifest.xml:13:5-80
	android:name
		ADDED from 哒哒音乐项目/哒哒音乐/AndroidManifest.xml:13:22-77
application
ADDED from 哒哒音乐项目/哒哒音乐/AndroidManifest.xml:15:5-48:19
MERGED from [com.nex3z:flow-layout:0.1.3] AndroidManifest.xml:11:5-15:19
MERGED from [com.nex3z:flow-layout:0.1.3] AndroidManifest.xml:11:5-15:19
MERGED from [com.android.support:appcompat-v7:25.1.0] AndroidManifest.xml:25:5-20
MERGED from [com.android.support:appcompat-v7:25.1.0] AndroidManifest.xml:25:5-20
MERGED from [com.android.support:support-v4:25.1.0] AndroidManifest.xml:25:5-20
MERGED from [com.android.support:support-v4:25.1.0] AndroidManifest.xml:25:5-20
MERGED from [com.android.support:support-fragment:25.1.0] AndroidManifest.xml:25:5-20
MERGED from [com.android.support:support-fragment:25.1.0] AndroidManifest.xml:25:5-20
MERGED from [com.android.support:support-core-ui:25.1.0] AndroidManifest.xml:25:5-20
MERGED from [com.android.support:support-core-ui:25.1.0] AndroidManifest.xml:25:5-20
MERGED from [com.android.support:animated-vector-drawable:25.1.0] AndroidManifest.xml:22:5-20
MERGED from [com.android.support:animated-vector-drawable:25.1.0] AndroidManifest.xml:22:5-20
MERGED from [com.android.support:support-vector-drawable:25.1.0] AndroidManifest.xml:23:5-20
MERGED from [com.android.support:support-vector-drawable:25.1.0] AndroidManifest.xml:23:5-20
MERGED from [com.android.support:support-media-compat:25.1.0] AndroidManifest.xml:25:5-20
MERGED from [com.android.support:support-media-compat:25.1.0] AndroidManifest.xml:25:5-20
MERGED from [com.android.support:support-core-utils:25.1.0] AndroidManifest.xml:25:5-20
MERGED from [com.android.support:support-core-utils:25.1.0] AndroidManifest.xml:25:5-20
MERGED from [com.android.support:support-compat:25.1.0] AndroidManifest.xml:25:5-20
MERGED from [com.android.support:support-compat:25.1.0] AndroidManifest.xml:25:5-20
	android:supportsRtl
		ADDED from [com.nex3z:flow-layout:0.1.3] AndroidManifest.xml:14:9-35
	android:label
		ADDED from 哒哒音乐项目/哒哒音乐/AndroidManifest.xml:19:9-41
	android:icon
		ADDED from 哒哒音乐项目/哒哒音乐/AndroidManifest.xml:18:9-45
	android:allowBackup
		ADDED from 哒哒音乐项目/哒哒音乐/AndroidManifest.xml:17:9-35
	android:theme
		ADDED from 哒哒音乐项目/哒哒音乐/AndroidManifest.xml:20:9-62
	android:name
		ADDED from 哒哒音乐项目/哒哒音乐/AndroidManifest.xml:16:9-55
service#cn.tedu.mediaplayer.service.PlayMusicService
ADDED from 哒哒音乐项目/哒哒音乐/AndroidManifest.xml:23:9-24:19
	android:name
		ADDED from 哒哒音乐项目/哒哒音乐/AndroidManifest.xml:23:18-77
service#cn.tedu.mediaplayer.service.DownloadService
ADDED from 哒哒音乐项目/哒哒音乐/AndroidManifest.xml:25:9-26:19
	android:name
		ADDED from 哒哒音乐项目/哒哒音乐/AndroidManifest.xml:25:18-76
activity#cn.tedu.mediaplayer.activity.MainActivity
ADDED from 哒哒音乐项目/哒哒音乐/AndroidManifest.xml:29:9-38:20
	android:screenOrientation
		ADDED from 哒哒音乐项目/哒哒音乐/AndroidManifest.xml:31:13-49
	android:icon
		ADDED from 哒哒音乐项目/哒哒音乐/AndroidManifest.xml:32:13-49
	android:name
		ADDED from 哒哒音乐项目/哒哒音乐/AndroidManifest.xml:30:13-69
intent-filter#android.intent.action.MAIN+android.intent.category.LAUNCHER
ADDED from 哒哒音乐项目/哒哒音乐/AndroidManifest.xml:33:13-37:29
action#android.intent.action.MAIN
ADDED from 哒哒音乐项目/哒哒音乐/AndroidManifest.xml:34:17-69
	android:name
		ADDED from 哒哒音乐项目/哒哒音乐/AndroidManifest.xml:34:25-66
category#android.intent.category.LAUNCHER
ADDED from 哒哒音乐项目/哒哒音乐/AndroidManifest.xml:36:17-77
	android:name
		ADDED from 哒哒音乐项目/哒哒音乐/AndroidManifest.xml:36:27-74
activity#cn.tedu.mediaplayer.activity.SearchLyricsAndPicActivity
ADDED from 哒哒音乐项目/哒哒音乐/AndroidManifest.xml:40:9-72
	android:name
		ADDED from 哒哒音乐项目/哒哒音乐/AndroidManifest.xml:40:19-70
receiver#cn.tedu.mediaplayer.receiver.UpdataBroadcastReceiver
ADDED from 哒哒音乐项目/哒哒音乐/AndroidManifest.xml:43:9-47:20
	android:name
		ADDED from 哒哒音乐项目/哒哒音乐/AndroidManifest.xml:43:19-67
intent-filter#android.intent.action.DOWNLOAD_COMPLETE
ADDED from 哒哒音乐项目/哒哒音乐/AndroidManifest.xml:44:13-46:29
action#android.intent.action.DOWNLOAD_COMPLETE
ADDED from 哒哒音乐项目/哒哒音乐/AndroidManifest.xml:45:17-82
	android:name
		ADDED from 哒哒音乐项目/哒哒音乐/AndroidManifest.xml:45:25-79